2021-10-22 15:29:32 INFO AllocateMappedFileService - AllocateMappedFileService service started
2021-10-22 15:29:32 INFO main - last shutdown normally
2021-10-22 15:29:32 INFO main - load commit log OK
2021-10-22 15:29:32 INFO main - load logics queue all over, OK
2021-10-22 15:29:32 INFO main - store checkpoint file not exists, /home/rocketmq/store/checkpoint
2021-10-22 15:29:32 WARN main - The commitlog files are deleted, and delete the consume queue files
2021-10-22 15:29:32 INFO main - load over, and the max phy offset = 0
2021-10-22 15:29:33 INFO main - [SetReputOffset] maxPhysicalPosInLogicQueue=0 clMinOffset=-1 clMaxOffset=0 clConfirmedOffset=-1
2021-10-22 15:29:33 INFO ReputMessageService - ReputMessageService service started
2021-10-22 15:29:33 INFO AcceptSocketService - AcceptSocketService service started
2021-10-22 15:29:33 INFO GroupTransferService - GroupTransferService service started
2021-10-22 15:29:33 INFO HAClient - HAClient service started
2021-10-22 15:29:33 INFO FlushConsumeQueueService - FlushConsumeQueueService service started
2021-10-22 15:29:33 INFO FlushRealTimeService - FlushRealTimeService service started
2021-10-22 15:29:33 INFO main - /home/rocketmq/store/abort create OK
2021-10-22 15:29:33 INFO StoreStatsService - StoreStatsService service started
2021-10-22 15:30:33 INFO StoreScheduledThread1 - physic disk maybe full soon, so reclaim space, -1.0
2021-10-22 15:30:33 INFO StoreScheduledThread1 - begin to delete before 120 hours file. timeup: false spacefull: true manualDeleteFileSeveralTimes: 0 cleanAtOnce: false
2021-10-22 15:30:33 WARN StoreScheduledThread1 - disk space will be full soon, but delete file failed.
2021-10-22 15:30:33 INFO StoreStatsService - [STORETPS] put_tps  get_found_tps  get_miss_tps  get_transfered_tps 
2021-10-22 15:30:33 INFO StoreStatsService - [PAGECACHERT] TotalPut 0, PutMessageDistributeTime [<=0ms]:0 [0~10ms]:0 [10~50ms]:0 [50~100ms]:0 [100~200ms]:0 [200~500ms]:0 [500ms~1s]:0 [1~2s]:0 [2~3s]:0 [3~4s]:0 [4~5s]:0 [5~10s]:0 [10s~]:0 
2021-10-22 15:30:43 INFO StoreScheduledThread1 - physic disk maybe full soon, so reclaim space, -1.0
2021-10-22 15:30:43 INFO StoreScheduledThread1 - begin to delete before 120 hours file. timeup: false spacefull: true manualDeleteFileSeveralTimes: 0 cleanAtOnce: false
2021-10-22 15:30:43 WARN StoreScheduledThread1 - disk space will be full soon, but delete file failed.
2021-10-22 15:30:53 INFO StoreScheduledThread1 - physic disk maybe full soon, so reclaim space, -1.0
2021-10-22 15:30:53 INFO StoreScheduledThread1 - begin to delete before 120 hours file. timeup: false spacefull: true manualDeleteFileSeveralTimes: 0 cleanAtOnce: false
2021-10-22 15:30:53 WARN StoreScheduledThread1 - disk space will be full soon, but delete file failed.
2021-10-22 15:31:03 INFO StoreScheduledThread1 - physic disk maybe full soon, so reclaim space, -1.0
2021-10-22 15:31:03 INFO StoreScheduledThread1 - begin to delete before 120 hours file. timeup: false spacefull: true manualDeleteFileSeveralTimes: 0 cleanAtOnce: false
2021-10-22 15:31:03 WARN StoreScheduledThread1 - disk space will be full soon, but delete file failed.
2021-10-22 15:31:13 INFO StoreScheduledThread1 - physic disk maybe full soon, so reclaim space, -1.0
2021-10-22 15:31:13 INFO StoreScheduledThread1 - begin to delete before 120 hours file. timeup: false spacefull: true manualDeleteFileSeveralTimes: 0 cleanAtOnce: false
2021-10-22 15:31:13 WARN StoreScheduledThread1 - disk space will be full soon, but delete file failed.
2021-10-22 15:31:23 INFO StoreScheduledThread1 - physic disk maybe full soon, so reclaim space, -1.0
2021-10-22 15:31:23 INFO StoreScheduledThread1 - begin to delete before 120 hours file. timeup: false spacefull: true manualDeleteFileSeveralTimes: 0 cleanAtOnce: false
2021-10-22 15:31:23 WARN StoreScheduledThread1 - disk space will be full soon, but delete file failed.
2021-10-22 15:31:33 INFO StoreScheduledThread1 - physic disk maybe full soon, so reclaim space, -1.0
2021-10-22 15:31:33 INFO StoreScheduledThread1 - begin to delete before 120 hours file. timeup: false spacefull: true manualDeleteFileSeveralTimes: 0 cleanAtOnce: false
2021-10-22 15:31:33 WARN StoreScheduledThread1 - disk space will be full soon, but delete file failed.
2021-10-22 15:31:33 INFO StoreStatsService - [STORETPS] put_tps 0.0 get_found_tps 0.0 get_miss_tps 0.03331390022486883 get_transfered_tps 0.0
2021-10-22 15:31:33 INFO StoreStatsService - [PAGECACHERT] TotalPut 0, PutMessageDistributeTime [<=0ms]:0 [0~10ms]:0 [10~50ms]:0 [50~100ms]:0 [100~200ms]:0 [200~500ms]:0 [500ms~1s]:0 [1~2s]:0 [2~3s]:0 [3~4s]:0 [4~5s]:0 [5~10s]:0 [10s~]:0 
2021-10-22 15:31:43 INFO StoreScheduledThread1 - physic disk maybe full soon, so reclaim space, -1.0
2021-10-22 15:31:43 INFO StoreScheduledThread1 - begin to delete before 120 hours file. timeup: false spacefull: true manualDeleteFileSeveralTimes: 0 cleanAtOnce: false
2021-10-22 15:31:43 WARN StoreScheduledThread1 - disk space will be full soon, but delete file failed.
2021-10-22 15:31:53 INFO StoreScheduledThread1 - physic disk maybe full soon, so reclaim space, -1.0
2021-10-22 15:31:53 INFO StoreScheduledThread1 - begin to delete before 120 hours file. timeup: false spacefull: true manualDeleteFileSeveralTimes: 0 cleanAtOnce: false
2021-10-22 15:31:53 WARN StoreScheduledThread1 - disk space will be full soon, but delete file failed.
2021-10-22 15:32:03 INFO StoreScheduledThread1 - physic disk maybe full soon, so reclaim space, -1.0
2021-10-22 15:32:03 INFO StoreScheduledThread1 - begin to delete before 120 hours file. timeup: false spacefull: true manualDeleteFileSeveralTimes: 0 cleanAtOnce: false
2021-10-22 15:32:03 WARN StoreScheduledThread1 - disk space will be full soon, but delete file failed.
2021-10-22 15:32:13 INFO StoreScheduledThread1 - physic disk maybe full soon, so reclaim space, -1.0
2021-10-22 15:32:13 INFO StoreScheduledThread1 - begin to delete before 120 hours file. timeup: false spacefull: true manualDeleteFileSeveralTimes: 0 cleanAtOnce: false
2021-10-22 15:32:13 WARN StoreScheduledThread1 - disk space will be full soon, but delete file failed.
2021-10-22 15:32:23 INFO StoreScheduledThread1 - physic disk maybe full soon, so reclaim space, -1.0
2021-10-22 15:32:23 INFO StoreScheduledThread1 - begin to delete before 120 hours file. timeup: false spacefull: true manualDeleteFileSeveralTimes: 0 cleanAtOnce: false
2021-10-22 15:32:23 WARN StoreScheduledThread1 - disk space will be full soon, but delete file failed.
2021-10-22 15:32:33 INFO StoreScheduledThread1 - physic disk maybe full soon, so reclaim space, -1.0
2021-10-22 15:32:33 INFO StoreScheduledThread1 - begin to delete before 120 hours file. timeup: false spacefull: true manualDeleteFileSeveralTimes: 0 cleanAtOnce: false
2021-10-22 15:32:33 WARN StoreScheduledThread1 - disk space will be full soon, but delete file failed.
2021-10-22 15:32:33 INFO StoreStatsService - [STORETPS] put_tps 0.0 get_found_tps 0.0 get_miss_tps 0.03331334532613765 get_transfered_tps 0.0
2021-10-22 15:32:33 INFO StoreStatsService - [PAGECACHERT] TotalPut 0, PutMessageDistributeTime [<=0ms]:0 [0~10ms]:0 [10~50ms]:0 [50~100ms]:0 [100~200ms]:0 [200~500ms]:0 [500ms~1s]:0 [1~2s]:0 [2~3s]:0 [3~4s]:0 [4~5s]:0 [5~10s]:0 [10s~]:0 
2021-10-22 15:32:43 INFO StoreScheduledThread1 - physic disk maybe full soon, so reclaim space, -1.0
2021-10-22 15:32:43 INFO StoreScheduledThread1 - begin to delete before 120 hours file. timeup: false spacefull: true manualDeleteFileSeveralTimes: 0 cleanAtOnce: false
2021-10-22 15:32:43 WARN StoreScheduledThread1 - disk space will be full soon, but delete file failed.
2021-10-22 15:32:53 INFO StoreScheduledThread1 - physic disk maybe full soon, so reclaim space, -1.0
2021-10-22 15:32:53 INFO StoreScheduledThread1 - begin to delete before 120 hours file. timeup: false spacefull: true manualDeleteFileSeveralTimes: 0 cleanAtOnce: false
2021-10-22 15:32:53 WARN StoreScheduledThread1 - disk space will be full soon, but delete file failed.
2021-10-22 15:33:03 INFO StoreScheduledThread1 - physic disk maybe full soon, so reclaim space, -1.0
2021-10-22 15:33:03 INFO StoreScheduledThread1 - begin to delete before 120 hours file. timeup: false spacefull: true manualDeleteFileSeveralTimes: 0 cleanAtOnce: false
2021-10-22 15:33:03 WARN StoreScheduledThread1 - disk space will be full soon, but delete file failed.
2021-10-22 15:33:13 INFO StoreScheduledThread1 - physic disk maybe full soon, so reclaim space, -1.0
2021-10-22 15:33:13 INFO StoreScheduledThread1 - begin to delete before 120 hours file. timeup: false spacefull: true manualDeleteFileSeveralTimes: 0 cleanAtOnce: false
2021-10-22 15:33:13 WARN StoreScheduledThread1 - disk space will be full soon, but delete file failed.
2021-10-22 15:33:23 INFO StoreScheduledThread1 - physic disk maybe full soon, so reclaim space, -1.0
2021-10-22 15:33:23 INFO StoreScheduledThread1 - begin to delete before 120 hours file. timeup: false spacefull: true manualDeleteFileSeveralTimes: 0 cleanAtOnce: false
2021-10-22 15:33:23 WARN StoreScheduledThread1 - disk space will be full soon, but delete file failed.
2021-10-22 15:33:33 INFO StoreScheduledThread1 - physic disk maybe full soon, so reclaim space, -1.0
2021-10-22 15:33:33 INFO StoreScheduledThread1 - begin to delete before 120 hours file. timeup: false spacefull: true manualDeleteFileSeveralTimes: 0 cleanAtOnce: false
2021-10-22 15:33:33 WARN StoreScheduledThread1 - disk space will be full soon, but delete file failed.
2021-10-22 15:33:33 INFO StoreStatsService - [STORETPS] put_tps 0.0 get_found_tps 0.0 get_miss_tps 0.03331390022486883 get_transfered_tps 0.0
2021-10-22 15:33:33 INFO StoreStatsService - [PAGECACHERT] TotalPut 0, PutMessageDistributeTime [<=0ms]:0 [0~10ms]:0 [10~50ms]:0 [50~100ms]:0 [100~200ms]:0 [200~500ms]:0 [500ms~1s]:0 [1~2s]:0 [2~3s]:0 [3~4s]:0 [4~5s]:0 [5~10s]:0 [10s~]:0 
2021-10-22 15:33:43 INFO StoreScheduledThread1 - physic disk maybe full soon, so reclaim space, -1.0
2021-10-22 15:33:43 INFO StoreScheduledThread1 - begin to delete before 120 hours file. timeup: false spacefull: true manualDeleteFileSeveralTimes: 0 cleanAtOnce: false
2021-10-22 15:33:43 WARN StoreScheduledThread1 - disk space will be full soon, but delete file failed.
2021-10-22 15:33:53 INFO StoreScheduledThread1 - physic disk maybe full soon, so reclaim space, -1.0
2021-10-22 15:33:53 INFO StoreScheduledThread1 - begin to delete before 120 hours file. timeup: false spacefull: true manualDeleteFileSeveralTimes: 0 cleanAtOnce: false
2021-10-22 15:33:53 WARN StoreScheduledThread1 - disk space will be full soon, but delete file failed.
2021-10-22 15:34:03 INFO StoreScheduledThread1 - physic disk maybe full soon, so reclaim space, -1.0
2021-10-22 15:34:03 INFO StoreScheduledThread1 - begin to delete before 120 hours file. timeup: false spacefull: true manualDeleteFileSeveralTimes: 0 cleanAtOnce: false
2021-10-22 15:34:03 WARN StoreScheduledThread1 - disk space will be full soon, but delete file failed.
2021-10-22 15:34:13 INFO StoreScheduledThread1 - physic disk maybe full soon, so reclaim space, -1.0
2021-10-22 15:34:13 INFO StoreScheduledThread1 - begin to delete before 120 hours file. timeup: false spacefull: true manualDeleteFileSeveralTimes: 0 cleanAtOnce: false
2021-10-22 15:34:13 WARN StoreScheduledThread1 - disk space will be full soon, but delete file failed.
2021-10-22 15:34:23 INFO StoreScheduledThread1 - physic disk maybe full soon, so reclaim space, -1.0
2021-10-22 15:34:23 INFO StoreScheduledThread1 - begin to delete before 120 hours file. timeup: false spacefull: true manualDeleteFileSeveralTimes: 0 cleanAtOnce: false
2021-10-22 15:34:23 WARN StoreScheduledThread1 - disk space will be full soon, but delete file failed.
2021-10-22 15:34:33 INFO StoreScheduledThread1 - physic disk maybe full soon, so reclaim space, -1.0
2021-10-22 15:34:33 INFO StoreScheduledThread1 - begin to delete before 120 hours file. timeup: false spacefull: true manualDeleteFileSeveralTimes: 0 cleanAtOnce: false
2021-10-22 15:34:33 WARN StoreScheduledThread1 - disk space will be full soon, but delete file failed.
2021-10-22 15:34:33 INFO StoreStatsService - [STORETPS] put_tps 0.0 get_found_tps 0.0 get_miss_tps 0.06662336148170356 get_transfered_tps 0.0
2021-10-22 15:34:33 INFO StoreStatsService - [PAGECACHERT] TotalPut 0, PutMessageDistributeTime [<=0ms]:0 [0~10ms]:0 [10~50ms]:0 [50~100ms]:0 [100~200ms]:0 [200~500ms]:0 [500ms~1s]:0 [1~2s]:0 [2~3s]:0 [3~4s]:0 [4~5s]:0 [5~10s]:0 [10s~]:0 
2021-10-22 15:34:43 INFO StoreScheduledThread1 - physic disk maybe full soon, so reclaim space, -1.0
2021-10-22 15:34:43 INFO StoreScheduledThread1 - begin to delete before 120 hours file. timeup: false spacefull: true manualDeleteFileSeveralTimes: 0 cleanAtOnce: false
2021-10-22 15:34:43 WARN StoreScheduledThread1 - disk space will be full soon, but delete file failed.
2021-10-22 15:34:53 INFO StoreScheduledThread1 - physic disk maybe full soon, so reclaim space, -1.0
2021-10-22 15:34:53 INFO StoreScheduledThread1 - begin to delete before 120 hours file. timeup: false spacefull: true manualDeleteFileSeveralTimes: 0 cleanAtOnce: false
2021-10-22 15:34:53 WARN StoreScheduledThread1 - disk space will be full soon, but delete file failed.
2021-10-22 15:35:03 INFO StoreScheduledThread1 - physic disk maybe full soon, so reclaim space, -1.0
2021-10-22 15:35:03 INFO StoreScheduledThread1 - begin to delete before 120 hours file. timeup: false spacefull: true manualDeleteFileSeveralTimes: 0 cleanAtOnce: false
2021-10-22 15:35:03 WARN StoreScheduledThread1 - disk space will be full soon, but delete file failed.
2021-10-22 15:35:13 INFO StoreScheduledThread1 - physic disk maybe full soon, so reclaim space, -1.0
2021-10-22 15:35:13 INFO StoreScheduledThread1 - begin to delete before 120 hours file. timeup: false spacefull: true manualDeleteFileSeveralTimes: 0 cleanAtOnce: false
2021-10-22 15:35:13 WARN StoreScheduledThread1 - disk space will be full soon, but delete file failed.
2021-10-22 15:35:23 INFO StoreScheduledThread1 - physic disk maybe full soon, so reclaim space, -1.0
2021-10-22 15:35:23 INFO StoreScheduledThread1 - begin to delete before 120 hours file. timeup: false spacefull: true manualDeleteFileSeveralTimes: 0 cleanAtOnce: false
2021-10-22 15:35:23 WARN StoreScheduledThread1 - disk space will be full soon, but delete file failed.
2021-10-22 15:35:33 INFO StoreScheduledThread1 - physic disk maybe full soon, so reclaim space, -1.0
2021-10-22 15:35:33 INFO StoreScheduledThread1 - begin to delete before 120 hours file. timeup: false spacefull: true manualDeleteFileSeveralTimes: 0 cleanAtOnce: false
2021-10-22 15:35:33 WARN StoreScheduledThread1 - disk space will be full soon, but delete file failed.
2021-10-22 15:35:33 INFO StoreStatsService - [STORETPS] put_tps 0.0 get_found_tps 0.0 get_miss_tps 0.03331334532613765 get_transfered_tps 0.0
2021-10-22 15:35:33 INFO StoreStatsService - [PAGECACHERT] TotalPut 0, PutMessageDistributeTime [<=0ms]:0 [0~10ms]:0 [10~50ms]:0 [50~100ms]:0 [100~200ms]:0 [200~500ms]:0 [500ms~1s]:0 [1~2s]:0 [2~3s]:0 [3~4s]:0 [4~5s]:0 [5~10s]:0 [10s~]:0 
2021-10-22 15:35:43 INFO StoreScheduledThread1 - physic disk maybe full soon, so reclaim space, -1.0
2021-10-22 15:35:43 INFO StoreScheduledThread1 - begin to delete before 120 hours file. timeup: false spacefull: true manualDeleteFileSeveralTimes: 0 cleanAtOnce: false
2021-10-22 15:35:43 WARN StoreScheduledThread1 - disk space will be full soon, but delete file failed.
2021-10-22 15:35:53 INFO StoreScheduledThread1 - physic disk maybe full soon, so reclaim space, -1.0
2021-10-22 15:35:53 INFO StoreScheduledThread1 - begin to delete before 120 hours file. timeup: false spacefull: true manualDeleteFileSeveralTimes: 0 cleanAtOnce: false
2021-10-22 15:35:53 WARN StoreScheduledThread1 - disk space will be full soon, but delete file failed.
2021-10-22 15:36:03 INFO StoreScheduledThread1 - physic disk maybe full soon, so reclaim space, -1.0
2021-10-22 15:36:03 INFO StoreScheduledThread1 - begin to delete before 120 hours file. timeup: false spacefull: true manualDeleteFileSeveralTimes: 0 cleanAtOnce: false
2021-10-22 15:36:03 WARN StoreScheduledThread1 - disk space will be full soon, but delete file failed.
2021-10-22 15:36:13 INFO StoreScheduledThread1 - physic disk maybe full soon, so reclaim space, -1.0
2021-10-22 15:36:13 INFO StoreScheduledThread1 - begin to delete before 120 hours file. timeup: false spacefull: true manualDeleteFileSeveralTimes: 0 cleanAtOnce: false
2021-10-22 15:36:13 WARN StoreScheduledThread1 - disk space will be full soon, but delete file failed.
2021-10-22 15:36:23 INFO StoreScheduledThread1 - physic disk maybe full soon, so reclaim space, -1.0
2021-10-22 15:36:23 INFO StoreScheduledThread1 - begin to delete before 120 hours file. timeup: false spacefull: true manualDeleteFileSeveralTimes: 0 cleanAtOnce: false
2021-10-22 15:36:23 WARN StoreScheduledThread1 - disk space will be full soon, but delete file failed.
2021-10-22 15:36:33 INFO StoreScheduledThread1 - physic disk maybe full soon, so reclaim space, -1.0
2021-10-22 15:36:33 INFO StoreScheduledThread1 - begin to delete before 120 hours file. timeup: false spacefull: true manualDeleteFileSeveralTimes: 0 cleanAtOnce: false
2021-10-22 15:36:33 WARN StoreScheduledThread1 - disk space will be full soon, but delete file failed.
2021-10-22 15:36:33 INFO StoreStatsService - [STORETPS] put_tps 0.0 get_found_tps 0.0 get_miss_tps 0.03331223558413005 get_transfered_tps 0.0
2021-10-22 15:36:33 INFO StoreStatsService - [PAGECACHERT] TotalPut 0, PutMessageDistributeTime [<=0ms]:0 [0~10ms]:0 [10~50ms]:0 [50~100ms]:0 [100~200ms]:0 [200~500ms]:0 [500ms~1s]:0 [1~2s]:0 [2~3s]:0 [3~4s]:0 [4~5s]:0 [5~10s]:0 [10s~]:0 
2021-10-22 15:36:43 INFO StoreScheduledThread1 - physic disk maybe full soon, so reclaim space, -1.0
2021-10-22 15:36:43 INFO StoreScheduledThread1 - begin to delete before 120 hours file. timeup: false spacefull: true manualDeleteFileSeveralTimes: 0 cleanAtOnce: false
2021-10-22 15:36:43 WARN StoreScheduledThread1 - disk space will be full soon, but delete file failed.
2021-10-22 15:36:53 INFO StoreScheduledThread1 - physic disk maybe full soon, so reclaim space, -1.0
2021-10-22 15:36:53 INFO StoreScheduledThread1 - begin to delete before 120 hours file. timeup: false spacefull: true manualDeleteFileSeveralTimes: 0 cleanAtOnce: false
2021-10-22 15:36:53 WARN StoreScheduledThread1 - disk space will be full soon, but delete file failed.
2021-10-22 15:37:03 INFO StoreScheduledThread1 - physic disk maybe full soon, so reclaim space, -1.0
2021-10-22 15:37:03 INFO StoreScheduledThread1 - begin to delete before 120 hours file. timeup: false spacefull: true manualDeleteFileSeveralTimes: 0 cleanAtOnce: false
2021-10-22 15:37:03 WARN StoreScheduledThread1 - disk space will be full soon, but delete file failed.
2021-10-22 15:37:13 INFO StoreScheduledThread1 - physic disk maybe full soon, so reclaim space, -1.0
2021-10-22 15:37:13 INFO StoreScheduledThread1 - begin to delete before 120 hours file. timeup: false spacefull: true manualDeleteFileSeveralTimes: 0 cleanAtOnce: false
2021-10-22 15:37:13 WARN StoreScheduledThread1 - disk space will be full soon, but delete file failed.
2021-10-22 15:37:23 INFO StoreScheduledThread1 - physic disk maybe full soon, so reclaim space, -1.0
2021-10-22 15:37:23 INFO StoreScheduledThread1 - begin to delete before 120 hours file. timeup: false spacefull: true manualDeleteFileSeveralTimes: 0 cleanAtOnce: false
2021-10-22 15:37:23 WARN StoreScheduledThread1 - disk space will be full soon, but delete file failed.
2021-10-22 15:37:33 INFO StoreScheduledThread1 - physic disk maybe full soon, so reclaim space, -1.0
2021-10-22 15:37:33 INFO StoreScheduledThread1 - begin to delete before 120 hours file. timeup: false spacefull: true manualDeleteFileSeveralTimes: 0 cleanAtOnce: false
2021-10-22 15:37:33 WARN StoreScheduledThread1 - disk space will be full soon, but delete file failed.
2021-10-22 15:37:33 INFO StoreStatsService - [STORETPS] put_tps 0.0 get_found_tps 0.0 get_miss_tps 0.03331334532613765 get_transfered_tps 0.0
2021-10-22 15:37:33 INFO StoreStatsService - [PAGECACHERT] TotalPut 0, PutMessageDistributeTime [<=0ms]:0 [0~10ms]:0 [10~50ms]:0 [50~100ms]:0 [100~200ms]:0 [200~500ms]:0 [500ms~1s]:0 [1~2s]:0 [2~3s]:0 [3~4s]:0 [4~5s]:0 [5~10s]:0 [10s~]:0 
2021-10-22 15:37:43 INFO StoreScheduledThread1 - physic disk maybe full soon, so reclaim space, -1.0
2021-10-22 15:37:43 INFO StoreScheduledThread1 - begin to delete before 120 hours file. timeup: false spacefull: true manualDeleteFileSeveralTimes: 0 cleanAtOnce: false
2021-10-22 15:37:43 WARN StoreScheduledThread1 - disk space will be full soon, but delete file failed.
2021-10-22 15:37:53 INFO StoreScheduledThread1 - physic disk maybe full soon, so reclaim space, -1.0
2021-10-22 15:37:53 INFO StoreScheduledThread1 - begin to delete before 120 hours file. timeup: false spacefull: true manualDeleteFileSeveralTimes: 0 cleanAtOnce: false
2021-10-22 15:37:53 WARN StoreScheduledThread1 - disk space will be full soon, but delete file failed.
2021-10-22 15:38:03 INFO StoreScheduledThread1 - physic disk maybe full soon, so reclaim space, -1.0
2021-10-22 15:38:03 INFO StoreScheduledThread1 - begin to delete before 120 hours file. timeup: false spacefull: true manualDeleteFileSeveralTimes: 0 cleanAtOnce: false
2021-10-22 15:38:03 WARN StoreScheduledThread1 - disk space will be full soon, but delete file failed.
2021-10-22 15:38:13 INFO StoreScheduledThread1 - physic disk maybe full soon, so reclaim space, -1.0
2021-10-22 15:38:13 INFO StoreScheduledThread1 - begin to delete before 120 hours file. timeup: false spacefull: true manualDeleteFileSeveralTimes: 0 cleanAtOnce: false
2021-10-22 15:38:13 WARN StoreScheduledThread1 - disk space will be full soon, but delete file failed.
2021-10-22 15:38:23 INFO StoreScheduledThread1 - physic disk maybe full soon, so reclaim space, -1.0
2021-10-22 15:38:23 INFO StoreScheduledThread1 - begin to delete before 120 hours file. timeup: false spacefull: true manualDeleteFileSeveralTimes: 0 cleanAtOnce: false
2021-10-22 15:38:23 WARN StoreScheduledThread1 - disk space will be full soon, but delete file failed.
2021-10-22 15:38:33 INFO StoreScheduledThread1 - physic disk maybe full soon, so reclaim space, -1.0
2021-10-22 15:38:33 INFO StoreScheduledThread1 - begin to delete before 120 hours file. timeup: false spacefull: true manualDeleteFileSeveralTimes: 0 cleanAtOnce: false
2021-10-22 15:38:33 WARN StoreScheduledThread1 - disk space will be full soon, but delete file failed.
2021-10-22 15:38:33 INFO StoreStatsService - [STORETPS] put_tps 0.0 get_found_tps 0.0 get_miss_tps 0.033311125916055964 get_transfered_tps 0.0
2021-10-22 15:38:33 INFO StoreStatsService - [PAGECACHERT] TotalPut 0, PutMessageDistributeTime [<=0ms]:0 [0~10ms]:0 [10~50ms]:0 [50~100ms]:0 [100~200ms]:0 [200~500ms]:0 [500ms~1s]:0 [1~2s]:0 [2~3s]:0 [3~4s]:0 [4~5s]:0 [5~10s]:0 [10s~]:0 
2021-10-22 15:38:43 INFO StoreScheduledThread1 - physic disk maybe full soon, so reclaim space, -1.0
2021-10-22 15:38:43 INFO StoreScheduledThread1 - begin to delete before 120 hours file. timeup: false spacefull: true manualDeleteFileSeveralTimes: 0 cleanAtOnce: false
2021-10-22 15:38:43 WARN StoreScheduledThread1 - disk space will be full soon, but delete file failed.
2021-10-22 15:38:53 INFO StoreScheduledThread1 - physic disk maybe full soon, so reclaim space, -1.0
2021-10-22 15:38:53 INFO StoreScheduledThread1 - begin to delete before 120 hours file. timeup: false spacefull: true manualDeleteFileSeveralTimes: 0 cleanAtOnce: false
2021-10-22 15:38:53 WARN StoreScheduledThread1 - disk space will be full soon, but delete file failed.
2021-10-22 15:39:03 INFO StoreScheduledThread1 - physic disk maybe full soon, so reclaim space, -1.0
2021-10-22 15:39:03 INFO StoreScheduledThread1 - begin to delete before 120 hours file. timeup: false spacefull: true manualDeleteFileSeveralTimes: 0 cleanAtOnce: false
2021-10-22 15:39:03 WARN StoreScheduledThread1 - disk space will be full soon, but delete file failed.
2021-10-22 15:39:13 INFO StoreScheduledThread1 - physic disk maybe full soon, so reclaim space, -1.0
2021-10-22 15:39:13 INFO StoreScheduledThread1 - begin to delete before 120 hours file. timeup: false spacefull: true manualDeleteFileSeveralTimes: 0 cleanAtOnce: false
2021-10-22 15:39:13 WARN StoreScheduledThread1 - disk space will be full soon, but delete file failed.
2021-10-22 15:39:23 INFO StoreScheduledThread1 - physic disk maybe full soon, so reclaim space, -1.0
2021-10-22 15:39:23 INFO StoreScheduledThread1 - begin to delete before 120 hours file. timeup: false spacefull: true manualDeleteFileSeveralTimes: 0 cleanAtOnce: false
2021-10-22 15:39:23 WARN StoreScheduledThread1 - disk space will be full soon, but delete file failed.
2021-10-22 15:39:33 INFO StoreScheduledThread1 - physic disk maybe full soon, so reclaim space, -1.0
2021-10-22 15:39:33 INFO StoreScheduledThread1 - begin to delete before 120 hours file. timeup: false spacefull: true manualDeleteFileSeveralTimes: 0 cleanAtOnce: false
2021-10-22 15:39:33 WARN StoreScheduledThread1 - disk space will be full soon, but delete file failed.
2021-10-22 15:39:33 INFO StoreStatsService - [STORETPS] put_tps 0.0 get_found_tps 0.0 get_miss_tps 0.033311125916055964 get_transfered_tps 0.0
2021-10-22 15:39:33 INFO StoreStatsService - [PAGECACHERT] TotalPut 0, PutMessageDistributeTime [<=0ms]:0 [0~10ms]:0 [10~50ms]:0 [50~100ms]:0 [100~200ms]:0 [200~500ms]:0 [500ms~1s]:0 [1~2s]:0 [2~3s]:0 [3~4s]:0 [4~5s]:0 [5~10s]:0 [10s~]:0 
2021-10-22 15:39:43 INFO StoreScheduledThread1 - physic disk maybe full soon, so reclaim space, -1.0
2021-10-22 15:39:43 INFO StoreScheduledThread1 - begin to delete before 120 hours file. timeup: false spacefull: true manualDeleteFileSeveralTimes: 0 cleanAtOnce: false
2021-10-22 15:39:43 WARN StoreScheduledThread1 - disk space will be full soon, but delete file failed.
2021-10-22 15:39:53 INFO StoreScheduledThread1 - physic disk maybe full soon, so reclaim space, -1.0
2021-10-22 15:39:53 INFO StoreScheduledThread1 - begin to delete before 120 hours file. timeup: false spacefull: true manualDeleteFileSeveralTimes: 0 cleanAtOnce: false
2021-10-22 15:39:53 WARN StoreScheduledThread1 - disk space will be full soon, but delete file failed.
2021-10-22 15:40:03 INFO StoreScheduledThread1 - physic disk maybe full soon, so reclaim space, -1.0
2021-10-22 15:40:03 INFO StoreScheduledThread1 - begin to delete before 120 hours file. timeup: false spacefull: true manualDeleteFileSeveralTimes: 0 cleanAtOnce: false
2021-10-22 15:40:03 WARN StoreScheduledThread1 - disk space will be full soon, but delete file failed.
2021-10-22 15:40:13 INFO StoreScheduledThread1 - physic disk maybe full soon, so reclaim space, -1.0
2021-10-22 15:40:13 INFO StoreScheduledThread1 - begin to delete before 120 hours file. timeup: false spacefull: true manualDeleteFileSeveralTimes: 0 cleanAtOnce: false
2021-10-22 15:40:13 WARN StoreScheduledThread1 - disk space will be full soon, but delete file failed.
2021-10-22 15:40:23 INFO StoreScheduledThread1 - physic disk maybe full soon, so reclaim space, -1.0
2021-10-22 15:40:23 INFO StoreScheduledThread1 - begin to delete before 120 hours file. timeup: false spacefull: true manualDeleteFileSeveralTimes: 0 cleanAtOnce: false
2021-10-22 15:40:23 WARN StoreScheduledThread1 - disk space will be full soon, but delete file failed.
2021-10-22 15:40:33 INFO StoreScheduledThread1 - physic disk maybe full soon, so reclaim space, -1.0
2021-10-22 15:40:33 INFO StoreScheduledThread1 - begin to delete before 120 hours file. timeup: false spacefull: true manualDeleteFileSeveralTimes: 0 cleanAtOnce: false
2021-10-22 15:40:33 WARN StoreScheduledThread1 - disk space will be full soon, but delete file failed.
2021-10-22 15:40:33 INFO StoreStatsService - [STORETPS] put_tps 0.0 get_found_tps 0.0 get_miss_tps 0.03331223558413005 get_transfered_tps 0.0
2021-10-22 15:40:33 INFO StoreStatsService - [PAGECACHERT] TotalPut 0, PutMessageDistributeTime [<=0ms]:0 [0~10ms]:0 [10~50ms]:0 [50~100ms]:0 [100~200ms]:0 [200~500ms]:0 [500ms~1s]:0 [1~2s]:0 [2~3s]:0 [3~4s]:0 [4~5s]:0 [5~10s]:0 [10s~]:0 
2021-10-22 15:40:43 INFO StoreScheduledThread1 - physic disk maybe full soon, so reclaim space, -1.0
2021-10-22 15:40:43 INFO StoreScheduledThread1 - begin to delete before 120 hours file. timeup: false spacefull: true manualDeleteFileSeveralTimes: 0 cleanAtOnce: false
2021-10-22 15:40:43 WARN StoreScheduledThread1 - disk space will be full soon, but delete file failed.
2021-10-22 15:40:53 INFO StoreScheduledThread1 - physic disk maybe full soon, so reclaim space, -1.0
2021-10-22 15:40:53 INFO StoreScheduledThread1 - begin to delete before 120 hours file. timeup: false spacefull: true manualDeleteFileSeveralTimes: 0 cleanAtOnce: false
2021-10-22 15:40:53 WARN StoreScheduledThread1 - disk space will be full soon, but delete file failed.
2021-10-22 15:41:03 INFO StoreScheduledThread1 - physic disk maybe full soon, so reclaim space, -1.0
2021-10-22 15:41:03 INFO StoreScheduledThread1 - begin to delete before 120 hours file. timeup: false spacefull: true manualDeleteFileSeveralTimes: 0 cleanAtOnce: false
2021-10-22 15:41:03 WARN StoreScheduledThread1 - disk space will be full soon, but delete file failed.
2021-10-22 15:41:13 INFO StoreScheduledThread1 - physic disk maybe full soon, so reclaim space, -1.0
2021-10-22 15:41:13 INFO StoreScheduledThread1 - begin to delete before 120 hours file. timeup: false spacefull: true manualDeleteFileSeveralTimes: 0 cleanAtOnce: false
2021-10-22 15:41:13 WARN StoreScheduledThread1 - disk space will be full soon, but delete file failed.
2021-10-22 15:41:17 INFO AllocateMappedFileService - AllocateMappedFileService service started
2021-10-22 15:41:17 INFO main - last shutdown abnormally
2021-10-22 15:41:17 INFO main - load commit log OK
2021-10-22 15:41:17 INFO main - load logics queue all over, OK
2021-10-22 15:41:17 INFO main - store checkpoint file exists, /home/rocketmq/store/checkpoint
2021-10-22 15:41:17 INFO main - store checkpoint file physicMsgTimestamp 0, 19700101000000000
2021-10-22 15:41:17 INFO main - store checkpoint file logicsMsgTimestamp 0, 19700101000000000
2021-10-22 15:41:17 INFO main - store checkpoint file indexMsgTimestamp 0, 19700101000000000
2021-10-22 15:41:17 WARN main - The commitlog files are deleted, and delete the consume queue files
2021-10-22 15:41:17 INFO main - load over, and the max phy offset = 0
2021-10-22 15:41:17 INFO main - [SetReputOffset] maxPhysicalPosInLogicQueue=0 clMinOffset=-1 clMaxOffset=0 clConfirmedOffset=-1
2021-10-22 15:41:17 INFO ReputMessageService - ReputMessageService service started
2021-10-22 15:41:17 INFO AcceptSocketService - AcceptSocketService service started
2021-10-22 15:41:17 INFO GroupTransferService - GroupTransferService service started
2021-10-22 15:41:17 INFO HAClient - HAClient service started
2021-10-22 15:41:17 INFO FlushConsumeQueueService - FlushConsumeQueueService service started
2021-10-22 15:41:17 INFO FlushRealTimeService - FlushRealTimeService service started
2021-10-22 15:41:17 INFO main - /home/rocketmq/store/abort already exists
2021-10-22 15:41:17 INFO StoreStatsService - StoreStatsService service started
2021-10-22 15:42:17 INFO StoreScheduledThread1 - physic disk maybe full soon, so reclaim space, -1.0
2021-10-22 15:42:17 INFO StoreScheduledThread1 - begin to delete before 120 hours file. timeup: false spacefull: true manualDeleteFileSeveralTimes: 0 cleanAtOnce: false
2021-10-22 15:42:17 WARN StoreScheduledThread1 - disk space will be full soon, but delete file failed.
2021-10-22 15:42:17 INFO StoreStatsService - [STORETPS] put_tps  get_found_tps  get_miss_tps  get_transfered_tps 
2021-10-22 15:42:17 INFO StoreStatsService - [PAGECACHERT] TotalPut 0, PutMessageDistributeTime [<=0ms]:0 [0~10ms]:0 [10~50ms]:0 [50~100ms]:0 [100~200ms]:0 [200~500ms]:0 [500ms~1s]:0 [1~2s]:0 [2~3s]:0 [3~4s]:0 [4~5s]:0 [5~10s]:0 [10s~]:0 
2021-10-22 15:42:27 INFO StoreScheduledThread1 - physic disk maybe full soon, so reclaim space, -1.0
2021-10-22 15:42:27 INFO StoreScheduledThread1 - begin to delete before 120 hours file. timeup: false spacefull: true manualDeleteFileSeveralTimes: 0 cleanAtOnce: false
2021-10-22 15:42:27 WARN StoreScheduledThread1 - disk space will be full soon, but delete file failed.
2021-10-22 15:42:37 INFO StoreScheduledThread1 - physic disk maybe full soon, so reclaim space, -1.0
2021-10-22 15:42:37 INFO StoreScheduledThread1 - begin to delete before 120 hours file. timeup: false spacefull: true manualDeleteFileSeveralTimes: 0 cleanAtOnce: false
2021-10-22 15:42:37 WARN StoreScheduledThread1 - disk space will be full soon, but delete file failed.
2021-10-22 15:42:47 INFO StoreScheduledThread1 - physic disk maybe full soon, so reclaim space, -1.0
2021-10-22 15:42:47 INFO StoreScheduledThread1 - begin to delete before 120 hours file. timeup: false spacefull: true manualDeleteFileSeveralTimes: 0 cleanAtOnce: false
2021-10-22 15:42:47 WARN StoreScheduledThread1 - disk space will be full soon, but delete file failed.
2021-10-22 15:42:57 INFO StoreScheduledThread1 - physic disk maybe full soon, so reclaim space, -1.0
2021-10-22 15:42:57 INFO StoreScheduledThread1 - begin to delete before 120 hours file. timeup: false spacefull: true manualDeleteFileSeveralTimes: 0 cleanAtOnce: false
2021-10-22 15:42:57 WARN StoreScheduledThread1 - disk space will be full soon, but delete file failed.
2021-10-22 15:43:07 INFO StoreScheduledThread1 - physic disk maybe full soon, so reclaim space, -1.0
2021-10-22 15:43:07 INFO StoreScheduledThread1 - begin to delete before 120 hours file. timeup: false spacefull: true manualDeleteFileSeveralTimes: 0 cleanAtOnce: false
2021-10-22 15:43:07 WARN StoreScheduledThread1 - disk space will be full soon, but delete file failed.
2021-10-22 15:43:17 INFO StoreScheduledThread1 - physic disk maybe full soon, so reclaim space, -1.0
2021-10-22 15:43:17 INFO StoreScheduledThread1 - begin to delete before 120 hours file. timeup: false spacefull: true manualDeleteFileSeveralTimes: 0 cleanAtOnce: false
2021-10-22 15:43:17 WARN StoreScheduledThread1 - disk space will be full soon, but delete file failed.
2021-10-22 15:43:17 INFO StoreStatsService - [STORETPS] put_tps 0.0 get_found_tps 0.0 get_miss_tps 0.0666244711682601 get_transfered_tps 0.0
2021-10-22 15:43:17 INFO StoreStatsService - [PAGECACHERT] TotalPut 0, PutMessageDistributeTime [<=0ms]:0 [0~10ms]:0 [10~50ms]:0 [50~100ms]:0 [100~200ms]:0 [200~500ms]:0 [500ms~1s]:0 [1~2s]:0 [2~3s]:0 [3~4s]:0 [4~5s]:0 [5~10s]:0 [10s~]:0 
2021-10-22 15:43:27 INFO StoreScheduledThread1 - physic disk maybe full soon, so reclaim space, -1.0
2021-10-22 15:43:27 INFO StoreScheduledThread1 - begin to delete before 120 hours file. timeup: false spacefull: true manualDeleteFileSeveralTimes: 0 cleanAtOnce: false
2021-10-22 15:43:27 WARN StoreScheduledThread1 - disk space will be full soon, but delete file failed.
2021-10-22 15:43:37 INFO StoreScheduledThread1 - physic disk maybe full soon, so reclaim space, -1.0
2021-10-22 15:43:37 INFO StoreScheduledThread1 - begin to delete before 120 hours file. timeup: false spacefull: true manualDeleteFileSeveralTimes: 0 cleanAtOnce: false
2021-10-22 15:43:37 WARN StoreScheduledThread1 - disk space will be full soon, but delete file failed.
2021-10-22 15:43:47 INFO StoreScheduledThread1 - physic disk maybe full soon, so reclaim space, -1.0
2021-10-22 15:43:47 INFO StoreScheduledThread1 - begin to delete before 120 hours file. timeup: false spacefull: true manualDeleteFileSeveralTimes: 0 cleanAtOnce: false
2021-10-22 15:43:47 WARN StoreScheduledThread1 - disk space will be full soon, but delete file failed.
2021-10-22 15:43:57 INFO StoreScheduledThread1 - physic disk maybe full soon, so reclaim space, -1.0
2021-10-22 15:43:57 INFO StoreScheduledThread1 - begin to delete before 120 hours file. timeup: false spacefull: true manualDeleteFileSeveralTimes: 0 cleanAtOnce: false
2021-10-22 15:43:57 WARN StoreScheduledThread1 - disk space will be full soon, but delete file failed.
2021-10-22 15:44:07 INFO StoreScheduledThread1 - physic disk maybe full soon, so reclaim space, -1.0
2021-10-22 15:44:07 INFO StoreScheduledThread1 - begin to delete before 120 hours file. timeup: false spacefull: true manualDeleteFileSeveralTimes: 0 cleanAtOnce: false
2021-10-22 15:44:07 WARN StoreScheduledThread1 - disk space will be full soon, but delete file failed.
2021-10-22 15:44:17 INFO StoreScheduledThread1 - physic disk maybe full soon, so reclaim space, -1.0
2021-10-22 15:44:17 INFO StoreScheduledThread1 - begin to delete before 120 hours file. timeup: false spacefull: true manualDeleteFileSeveralTimes: 0 cleanAtOnce: false
2021-10-22 15:44:17 WARN StoreScheduledThread1 - disk space will be full soon, but delete file failed.
2021-10-22 15:44:17 INFO StoreStatsService - [STORETPS] put_tps 0.0 get_found_tps 0.0 get_miss_tps 0.033311125916055964 get_transfered_tps 0.0
2021-10-22 15:44:17 INFO StoreStatsService - [PAGECACHERT] TotalPut 0, PutMessageDistributeTime [<=0ms]:0 [0~10ms]:0 [10~50ms]:0 [50~100ms]:0 [100~200ms]:0 [200~500ms]:0 [500ms~1s]:0 [1~2s]:0 [2~3s]:0 [3~4s]:0 [4~5s]:0 [5~10s]:0 [10s~]:0 
2021-10-22 15:44:27 INFO StoreScheduledThread1 - physic disk maybe full soon, so reclaim space, -1.0
2021-10-22 15:44:27 INFO StoreScheduledThread1 - begin to delete before 120 hours file. timeup: false spacefull: true manualDeleteFileSeveralTimes: 0 cleanAtOnce: false
2021-10-22 15:44:27 WARN StoreScheduledThread1 - disk space will be full soon, but delete file failed.
2021-10-22 15:44:37 INFO StoreScheduledThread1 - physic disk maybe full soon, so reclaim space, -1.0
2021-10-22 15:44:37 INFO StoreScheduledThread1 - begin to delete before 120 hours file. timeup: false spacefull: true manualDeleteFileSeveralTimes: 0 cleanAtOnce: false
2021-10-22 15:44:37 WARN StoreScheduledThread1 - disk space will be full soon, but delete file failed.
2021-10-22 15:44:47 INFO StoreScheduledThread1 - physic disk maybe full soon, so reclaim space, -1.0
2021-10-22 15:44:47 INFO StoreScheduledThread1 - begin to delete before 120 hours file. timeup: false spacefull: true manualDeleteFileSeveralTimes: 0 cleanAtOnce: false
2021-10-22 15:44:47 WARN StoreScheduledThread1 - disk space will be full soon, but delete file failed.
2021-10-22 15:44:57 INFO StoreScheduledThread1 - physic disk maybe full soon, so reclaim space, -1.0
2021-10-22 15:44:57 INFO StoreScheduledThread1 - begin to delete before 120 hours file. timeup: false spacefull: true manualDeleteFileSeveralTimes: 0 cleanAtOnce: false
2021-10-22 15:44:57 WARN StoreScheduledThread1 - disk space will be full soon, but delete file failed.
2021-10-22 15:45:07 INFO StoreScheduledThread1 - physic disk maybe full soon, so reclaim space, -1.0
2021-10-22 15:45:07 INFO StoreScheduledThread1 - begin to delete before 120 hours file. timeup: false spacefull: true manualDeleteFileSeveralTimes: 0 cleanAtOnce: false
2021-10-22 15:45:07 WARN StoreScheduledThread1 - disk space will be full soon, but delete file failed.
2021-10-22 15:45:17 INFO StoreScheduledThread1 - physic disk maybe full soon, so reclaim space, -1.0
2021-10-22 15:45:17 INFO StoreScheduledThread1 - begin to delete before 120 hours file. timeup: false spacefull: true manualDeleteFileSeveralTimes: 0 cleanAtOnce: false
2021-10-22 15:45:17 WARN StoreScheduledThread1 - disk space will be full soon, but delete file failed.
2021-10-22 15:45:18 INFO StoreStatsService - [STORETPS] put_tps 0.0 get_found_tps 0.0 get_miss_tps 0.03331057110974168 get_transfered_tps 0.0
2021-10-22 15:45:18 INFO StoreStatsService - [PAGECACHERT] TotalPut 0, PutMessageDistributeTime [<=0ms]:0 [0~10ms]:0 [10~50ms]:0 [50~100ms]:0 [100~200ms]:0 [200~500ms]:0 [500ms~1s]:0 [1~2s]:0 [2~3s]:0 [3~4s]:0 [4~5s]:0 [5~10s]:0 [10s~]:0 
2021-10-22 15:45:27 INFO StoreScheduledThread1 - physic disk maybe full soon, so reclaim space, -1.0
2021-10-22 15:45:27 INFO StoreScheduledThread1 - begin to delete before 120 hours file. timeup: false spacefull: true manualDeleteFileSeveralTimes: 0 cleanAtOnce: false
2021-10-22 15:45:27 WARN StoreScheduledThread1 - disk space will be full soon, but delete file failed.
2021-10-22 15:45:37 INFO StoreScheduledThread1 - physic disk maybe full soon, so reclaim space, -1.0
2021-10-22 15:45:37 INFO StoreScheduledThread1 - begin to delete before 120 hours file. timeup: false spacefull: true manualDeleteFileSeveralTimes: 0 cleanAtOnce: false
2021-10-22 15:45:37 WARN StoreScheduledThread1 - disk space will be full soon, but delete file failed.
2021-10-22 15:45:47 INFO StoreScheduledThread1 - physic disk maybe full soon, so reclaim space, -1.0
2021-10-22 15:45:47 INFO StoreScheduledThread1 - begin to delete before 120 hours file. timeup: false spacefull: true manualDeleteFileSeveralTimes: 0 cleanAtOnce: false
2021-10-22 15:45:47 WARN StoreScheduledThread1 - disk space will be full soon, but delete file failed.
2021-10-22 15:45:57 INFO StoreScheduledThread1 - physic disk maybe full soon, so reclaim space, -1.0
2021-10-22 15:45:57 INFO StoreScheduledThread1 - begin to delete before 120 hours file. timeup: false spacefull: true manualDeleteFileSeveralTimes: 0 cleanAtOnce: false
2021-10-22 15:45:57 WARN StoreScheduledThread1 - disk space will be full soon, but delete file failed.
2021-10-22 15:46:07 INFO StoreScheduledThread1 - physic disk maybe full soon, so reclaim space, -1.0
2021-10-22 15:46:07 INFO StoreScheduledThread1 - begin to delete before 120 hours file. timeup: false spacefull: true manualDeleteFileSeveralTimes: 0 cleanAtOnce: false
2021-10-22 15:46:07 WARN StoreScheduledThread1 - disk space will be full soon, but delete file failed.
2021-10-22 15:46:17 INFO StoreScheduledThread1 - physic disk maybe full soon, so reclaim space, -1.0
2021-10-22 15:46:17 INFO StoreScheduledThread1 - begin to delete before 120 hours file. timeup: false spacefull: true manualDeleteFileSeveralTimes: 0 cleanAtOnce: false
2021-10-22 15:46:17 WARN StoreScheduledThread1 - disk space will be full soon, but delete file failed.
2021-10-22 15:46:18 INFO StoreStatsService - [STORETPS] put_tps 0.0 get_found_tps 0.0 get_miss_tps 0.033310016321908 get_transfered_tps 0.0
2021-10-22 15:46:18 INFO StoreStatsService - [PAGECACHERT] TotalPut 0, PutMessageDistributeTime [<=0ms]:0 [0~10ms]:0 [10~50ms]:0 [50~100ms]:0 [100~200ms]:0 [200~500ms]:0 [500ms~1s]:0 [1~2s]:0 [2~3s]:0 [3~4s]:0 [4~5s]:0 [5~10s]:0 [10s~]:0 
2021-10-22 15:46:27 INFO StoreScheduledThread1 - physic disk maybe full soon, so reclaim space, -1.0
2021-10-22 15:46:27 INFO StoreScheduledThread1 - begin to delete before 120 hours file. timeup: false spacefull: true manualDeleteFileSeveralTimes: 0 cleanAtOnce: false
2021-10-22 15:46:27 WARN StoreScheduledThread1 - disk space will be full soon, but delete file failed.
2021-10-22 15:46:37 INFO StoreScheduledThread1 - physic disk maybe full soon, so reclaim space, -1.0
2021-10-22 15:46:37 INFO StoreScheduledThread1 - begin to delete before 120 hours file. timeup: false spacefull: true manualDeleteFileSeveralTimes: 0 cleanAtOnce: false
2021-10-22 15:46:37 WARN StoreScheduledThread1 - disk space will be full soon, but delete file failed.
2021-10-22 15:46:47 INFO StoreScheduledThread1 - physic disk maybe full soon, so reclaim space, -1.0
2021-10-22 15:46:47 INFO StoreScheduledThread1 - begin to delete before 120 hours file. timeup: false spacefull: true manualDeleteFileSeveralTimes: 0 cleanAtOnce: false
2021-10-22 15:46:47 WARN StoreScheduledThread1 - disk space will be full soon, but delete file failed.
2021-10-22 15:46:57 INFO StoreScheduledThread1 - physic disk maybe full soon, so reclaim space, -1.0
2021-10-22 15:46:57 INFO StoreScheduledThread1 - begin to delete before 120 hours file. timeup: false spacefull: true manualDeleteFileSeveralTimes: 0 cleanAtOnce: false
2021-10-22 15:46:57 WARN StoreScheduledThread1 - disk space will be full soon, but delete file failed.
2021-10-22 15:47:07 INFO StoreScheduledThread1 - physic disk maybe full soon, so reclaim space, -1.0
2021-10-22 15:47:07 INFO StoreScheduledThread1 - begin to delete before 120 hours file. timeup: false spacefull: true manualDeleteFileSeveralTimes: 0 cleanAtOnce: false
2021-10-22 15:47:07 WARN StoreScheduledThread1 - disk space will be full soon, but delete file failed.
2021-10-22 15:47:17 INFO StoreScheduledThread1 - physic disk maybe full soon, so reclaim space, -1.0
2021-10-22 15:47:17 INFO StoreScheduledThread1 - begin to delete before 120 hours file. timeup: false spacefull: true manualDeleteFileSeveralTimes: 0 cleanAtOnce: false
2021-10-22 15:47:17 WARN StoreScheduledThread1 - disk space will be full soon, but delete file failed.
2021-10-22 15:47:18 INFO StoreStatsService - [STORETPS] put_tps 0.0 get_found_tps 0.0 get_miss_tps 0.03330946155255401 get_transfered_tps 0.0
2021-10-22 15:47:18 INFO StoreStatsService - [PAGECACHERT] TotalPut 0, PutMessageDistributeTime [<=0ms]:0 [0~10ms]:0 [10~50ms]:0 [50~100ms]:0 [100~200ms]:0 [200~500ms]:0 [500ms~1s]:0 [1~2s]:0 [2~3s]:0 [3~4s]:0 [4~5s]:0 [5~10s]:0 [10s~]:0 
2021-10-22 15:47:27 INFO StoreScheduledThread1 - physic disk maybe full soon, so reclaim space, -1.0
2021-10-22 15:47:27 INFO StoreScheduledThread1 - begin to delete before 120 hours file. timeup: false spacefull: true manualDeleteFileSeveralTimes: 0 cleanAtOnce: false
2021-10-22 15:47:27 WARN StoreScheduledThread1 - disk space will be full soon, but delete file failed.
2021-10-22 15:47:37 INFO StoreScheduledThread1 - physic disk maybe full soon, so reclaim space, -1.0
2021-10-22 15:47:37 INFO StoreScheduledThread1 - begin to delete before 120 hours file. timeup: false spacefull: true manualDeleteFileSeveralTimes: 0 cleanAtOnce: false
2021-10-22 15:47:37 WARN StoreScheduledThread1 - disk space will be full soon, but delete file failed.
2021-10-22 15:47:47 INFO StoreScheduledThread1 - physic disk maybe full soon, so reclaim space, -1.0
2021-10-22 15:47:47 INFO StoreScheduledThread1 - begin to delete before 120 hours file. timeup: false spacefull: true manualDeleteFileSeveralTimes: 0 cleanAtOnce: false
2021-10-22 15:47:47 WARN StoreScheduledThread1 - disk space will be full soon, but delete file failed.
2021-10-22 15:47:57 INFO StoreScheduledThread1 - physic disk maybe full soon, so reclaim space, -1.0
2021-10-22 15:47:57 INFO StoreScheduledThread1 - begin to delete before 120 hours file. timeup: false spacefull: true manualDeleteFileSeveralTimes: 0 cleanAtOnce: false
2021-10-22 15:47:57 WARN StoreScheduledThread1 - disk space will be full soon, but delete file failed.
2021-10-22 15:48:07 INFO StoreScheduledThread1 - physic disk maybe full soon, so reclaim space, -1.0
2021-10-22 15:48:07 INFO StoreScheduledThread1 - begin to delete before 120 hours file. timeup: false spacefull: true manualDeleteFileSeveralTimes: 0 cleanAtOnce: false
2021-10-22 15:48:07 WARN StoreScheduledThread1 - disk space will be full soon, but delete file failed.
2021-10-22 15:48:17 INFO StoreScheduledThread1 - physic disk maybe full soon, so reclaim space, -1.0
2021-10-22 15:48:17 INFO StoreScheduledThread1 - begin to delete before 120 hours file. timeup: false spacefull: true manualDeleteFileSeveralTimes: 0 cleanAtOnce: false
2021-10-22 15:48:17 WARN StoreScheduledThread1 - disk space will be full soon, but delete file failed.
2021-10-22 15:48:18 INFO StoreStatsService - [STORETPS] put_tps 0.0 get_found_tps 0.0 get_miss_tps 0.033311125916055964 get_transfered_tps 0.0
2021-10-22 15:48:18 INFO StoreStatsService - [PAGECACHERT] TotalPut 0, PutMessageDistributeTime [<=0ms]:0 [0~10ms]:0 [10~50ms]:0 [50~100ms]:0 [100~200ms]:0 [200~500ms]:0 [500ms~1s]:0 [1~2s]:0 [2~3s]:0 [3~4s]:0 [4~5s]:0 [5~10s]:0 [10s~]:0 
2021-10-22 15:48:27 INFO StoreScheduledThread1 - physic disk maybe full soon, so reclaim space, -1.0
2021-10-22 15:48:27 INFO StoreScheduledThread1 - begin to delete before 120 hours file. timeup: false spacefull: true manualDeleteFileSeveralTimes: 0 cleanAtOnce: false
2021-10-22 15:48:27 WARN StoreScheduledThread1 - disk space will be full soon, but delete file failed.
2021-10-22 15:48:37 INFO StoreScheduledThread1 - physic disk maybe full soon, so reclaim space, -1.0
2021-10-22 15:48:37 INFO StoreScheduledThread1 - begin to delete before 120 hours file. timeup: false spacefull: true manualDeleteFileSeveralTimes: 0 cleanAtOnce: false
2021-10-22 15:48:37 WARN StoreScheduledThread1 - disk space will be full soon, but delete file failed.
2021-10-22 15:48:47 INFO StoreScheduledThread1 - physic disk maybe full soon, so reclaim space, -1.0
2021-10-22 15:48:47 INFO StoreScheduledThread1 - begin to delete before 120 hours file. timeup: false spacefull: true manualDeleteFileSeveralTimes: 0 cleanAtOnce: false
2021-10-22 15:48:47 WARN StoreScheduledThread1 - disk space will be full soon, but delete file failed.
2021-10-22 15:48:57 INFO StoreScheduledThread1 - physic disk maybe full soon, so reclaim space, -1.0
2021-10-22 15:48:57 INFO StoreScheduledThread1 - begin to delete before 120 hours file. timeup: false spacefull: true manualDeleteFileSeveralTimes: 0 cleanAtOnce: false
2021-10-22 15:48:57 WARN StoreScheduledThread1 - disk space will be full soon, but delete file failed.
2021-10-22 15:49:07 INFO StoreScheduledThread1 - physic disk maybe full soon, so reclaim space, -1.0
2021-10-22 15:49:07 INFO StoreScheduledThread1 - begin to delete before 120 hours file. timeup: false spacefull: true manualDeleteFileSeveralTimes: 0 cleanAtOnce: false
2021-10-22 15:49:07 WARN StoreScheduledThread1 - disk space will be full soon, but delete file failed.
2021-10-22 15:49:17 INFO StoreScheduledThread1 - physic disk maybe full soon, so reclaim space, -1.0
2021-10-22 15:49:17 INFO StoreScheduledThread1 - begin to delete before 120 hours file. timeup: false spacefull: true manualDeleteFileSeveralTimes: 0 cleanAtOnce: false
2021-10-22 15:49:17 WARN StoreScheduledThread1 - disk space will be full soon, but delete file failed.
2021-10-22 15:49:18 INFO StoreStatsService - [STORETPS] put_tps 0.0 get_found_tps 0.0 get_miss_tps 0.03330557868442964 get_transfered_tps 0.0
2021-10-22 15:49:18 INFO StoreStatsService - [PAGECACHERT] TotalPut 0, PutMessageDistributeTime [<=0ms]:0 [0~10ms]:0 [10~50ms]:0 [50~100ms]:0 [100~200ms]:0 [200~500ms]:0 [500ms~1s]:0 [1~2s]:0 [2~3s]:0 [3~4s]:0 [4~5s]:0 [5~10s]:0 [10s~]:0 
2021-10-22 15:49:27 INFO StoreScheduledThread1 - physic disk maybe full soon, so reclaim space, -1.0
2021-10-22 15:49:27 INFO StoreScheduledThread1 - begin to delete before 120 hours file. timeup: false spacefull: true manualDeleteFileSeveralTimes: 0 cleanAtOnce: false
2021-10-22 15:49:27 WARN StoreScheduledThread1 - disk space will be full soon, but delete file failed.
2021-10-22 15:49:37 INFO StoreScheduledThread1 - physic disk maybe full soon, so reclaim space, -1.0
2021-10-22 15:49:37 INFO StoreScheduledThread1 - begin to delete before 120 hours file. timeup: false spacefull: true manualDeleteFileSeveralTimes: 0 cleanAtOnce: false
2021-10-22 15:49:37 WARN StoreScheduledThread1 - disk space will be full soon, but delete file failed.
2021-10-22 15:49:47 INFO StoreScheduledThread1 - physic disk maybe full soon, so reclaim space, -1.0
2021-10-22 15:49:47 INFO StoreScheduledThread1 - begin to delete before 120 hours file. timeup: false spacefull: true manualDeleteFileSeveralTimes: 0 cleanAtOnce: false
2021-10-22 15:49:47 WARN StoreScheduledThread1 - disk space will be full soon, but delete file failed.
2021-10-22 15:49:57 INFO StoreScheduledThread1 - physic disk maybe full soon, so reclaim space, -1.0
2021-10-22 15:49:57 INFO StoreScheduledThread1 - begin to delete before 120 hours file. timeup: false spacefull: true manualDeleteFileSeveralTimes: 0 cleanAtOnce: false
2021-10-22 15:49:57 WARN StoreScheduledThread1 - disk space will be full soon, but delete file failed.
2021-10-22 15:50:07 INFO StoreScheduledThread1 - physic disk maybe full soon, so reclaim space, -1.0
2021-10-22 15:50:07 INFO StoreScheduledThread1 - begin to delete before 120 hours file. timeup: false spacefull: true manualDeleteFileSeveralTimes: 0 cleanAtOnce: false
2021-10-22 15:50:07 WARN StoreScheduledThread1 - disk space will be full soon, but delete file failed.
2021-10-22 15:50:17 INFO StoreScheduledThread1 - physic disk maybe full soon, so reclaim space, -1.0
2021-10-22 15:50:17 INFO StoreScheduledThread1 - begin to delete before 120 hours file. timeup: false spacefull: true manualDeleteFileSeveralTimes: 0 cleanAtOnce: false
2021-10-22 15:50:17 WARN StoreScheduledThread1 - disk space will be full soon, but delete file failed.
2021-10-22 15:50:18 INFO StoreStatsService - [STORETPS] put_tps 0.0 get_found_tps 0.0 get_miss_tps 0.033310016321908 get_transfered_tps 0.0
2021-10-22 15:50:18 INFO StoreStatsService - [PAGECACHERT] TotalPut 0, PutMessageDistributeTime [<=0ms]:0 [0~10ms]:0 [10~50ms]:0 [50~100ms]:0 [100~200ms]:0 [200~500ms]:0 [500ms~1s]:0 [1~2s]:0 [2~3s]:0 [3~4s]:0 [4~5s]:0 [5~10s]:0 [10s~]:0 
2021-10-22 15:50:27 INFO StoreScheduledThread1 - physic disk maybe full soon, so reclaim space, -1.0
2021-10-22 15:50:27 INFO StoreScheduledThread1 - begin to delete before 120 hours file. timeup: false spacefull: true manualDeleteFileSeveralTimes: 0 cleanAtOnce: false
2021-10-22 15:50:27 WARN StoreScheduledThread1 - disk space will be full soon, but delete file failed.
2021-10-22 15:50:37 INFO StoreScheduledThread1 - physic disk maybe full soon, so reclaim space, -1.0
2021-10-22 15:50:37 INFO StoreScheduledThread1 - begin to delete before 120 hours file. timeup: false spacefull: true manualDeleteFileSeveralTimes: 0 cleanAtOnce: false
2021-10-22 15:50:37 WARN StoreScheduledThread1 - disk space will be full soon, but delete file failed.
2021-10-22 15:50:47 INFO StoreScheduledThread1 - physic disk maybe full soon, so reclaim space, -1.0
2021-10-22 15:50:47 INFO StoreScheduledThread1 - begin to delete before 120 hours file. timeup: false spacefull: true manualDeleteFileSeveralTimes: 0 cleanAtOnce: false
2021-10-22 15:50:47 WARN StoreScheduledThread1 - disk space will be full soon, but delete file failed.
2021-10-22 15:50:57 INFO StoreScheduledThread1 - physic disk maybe full soon, so reclaim space, -1.0
2021-10-22 15:50:57 INFO StoreScheduledThread1 - begin to delete before 120 hours file. timeup: false spacefull: true manualDeleteFileSeveralTimes: 0 cleanAtOnce: false
2021-10-22 15:50:57 WARN StoreScheduledThread1 - disk space will be full soon, but delete file failed.
2021-10-22 15:51:07 INFO StoreScheduledThread1 - physic disk maybe full soon, so reclaim space, -1.0
2021-10-22 15:51:07 INFO StoreScheduledThread1 - begin to delete before 120 hours file. timeup: false spacefull: true manualDeleteFileSeveralTimes: 0 cleanAtOnce: false
2021-10-22 15:51:07 WARN StoreScheduledThread1 - disk space will be full soon, but delete file failed.
2021-10-22 15:51:17 INFO StoreScheduledThread1 - physic disk maybe full soon, so reclaim space, -1.0
2021-10-22 15:51:17 INFO StoreScheduledThread1 - begin to delete before 120 hours file. timeup: false spacefull: true manualDeleteFileSeveralTimes: 0 cleanAtOnce: false
2021-10-22 15:51:17 WARN StoreScheduledThread1 - disk space will be full soon, but delete file failed.
2021-10-22 15:51:18 INFO StoreStatsService - [STORETPS] put_tps 0.0 get_found_tps 0.0 get_miss_tps 0.033310016321908 get_transfered_tps 0.0
2021-10-22 15:51:18 INFO StoreStatsService - [PAGECACHERT] TotalPut 0, PutMessageDistributeTime [<=0ms]:0 [0~10ms]:0 [10~50ms]:0 [50~100ms]:0 [100~200ms]:0 [200~500ms]:0 [500ms~1s]:0 [1~2s]:0 [2~3s]:0 [3~4s]:0 [4~5s]:0 [5~10s]:0 [10s~]:0 
2021-10-22 15:51:27 INFO StoreScheduledThread1 - physic disk maybe full soon, so reclaim space, -1.0
2021-10-22 15:51:27 INFO StoreScheduledThread1 - begin to delete before 120 hours file. timeup: false spacefull: true manualDeleteFileSeveralTimes: 0 cleanAtOnce: false
2021-10-22 15:51:27 WARN StoreScheduledThread1 - disk space will be full soon, but delete file failed.
2021-10-22 15:51:37 INFO StoreScheduledThread1 - physic disk maybe full soon, so reclaim space, -1.0
2021-10-22 15:51:37 INFO StoreScheduledThread1 - begin to delete before 120 hours file. timeup: false spacefull: true manualDeleteFileSeveralTimes: 0 cleanAtOnce: false
2021-10-22 15:51:37 WARN StoreScheduledThread1 - disk space will be full soon, but delete file failed.
2021-10-22 15:51:47 INFO StoreScheduledThread1 - physic disk maybe full soon, so reclaim space, -1.0
2021-10-22 15:51:47 INFO StoreScheduledThread1 - begin to delete before 120 hours file. timeup: false spacefull: true manualDeleteFileSeveralTimes: 0 cleanAtOnce: false
2021-10-22 15:51:47 WARN StoreScheduledThread1 - disk space will be full soon, but delete file failed.
2021-10-22 15:51:57 INFO StoreScheduledThread1 - physic disk maybe full soon, so reclaim space, -1.0
2021-10-22 15:51:57 INFO StoreScheduledThread1 - begin to delete before 120 hours file. timeup: false spacefull: true manualDeleteFileSeveralTimes: 0 cleanAtOnce: false
2021-10-22 15:51:57 WARN StoreScheduledThread1 - disk space will be full soon, but delete file failed.
2021-10-22 15:52:07 INFO StoreScheduledThread1 - physic disk maybe full soon, so reclaim space, -1.0
2021-10-22 15:52:07 INFO StoreScheduledThread1 - begin to delete before 120 hours file. timeup: false spacefull: true manualDeleteFileSeveralTimes: 0 cleanAtOnce: false
2021-10-22 15:52:07 WARN StoreScheduledThread1 - disk space will be full soon, but delete file failed.
2021-10-22 15:52:17 INFO StoreScheduledThread1 - physic disk maybe full soon, so reclaim space, -1.0
2021-10-22 15:52:17 INFO StoreScheduledThread1 - begin to delete before 120 hours file. timeup: false spacefull: true manualDeleteFileSeveralTimes: 0 cleanAtOnce: false
2021-10-22 15:52:17 WARN StoreScheduledThread1 - disk space will be full soon, but delete file failed.
2021-10-22 15:52:18 INFO StoreStatsService - [STORETPS] put_tps 0.0 get_found_tps 0.0 get_miss_tps 0.033310016321908 get_transfered_tps 0.0
2021-10-22 15:52:18 INFO StoreStatsService - [PAGECACHERT] TotalPut 0, PutMessageDistributeTime [<=0ms]:0 [0~10ms]:0 [10~50ms]:0 [50~100ms]:0 [100~200ms]:0 [200~500ms]:0 [500ms~1s]:0 [1~2s]:0 [2~3s]:0 [3~4s]:0 [4~5s]:0 [5~10s]:0 [10s~]:0 
2021-10-22 15:52:27 INFO StoreScheduledThread1 - physic disk maybe full soon, so reclaim space, -1.0
2021-10-22 15:52:27 INFO StoreScheduledThread1 - begin to delete before 120 hours file. timeup: false spacefull: true manualDeleteFileSeveralTimes: 0 cleanAtOnce: false
2021-10-22 15:52:27 WARN StoreScheduledThread1 - disk space will be full soon, but delete file failed.
2021-10-22 15:52:37 INFO StoreScheduledThread1 - physic disk maybe full soon, so reclaim space, -1.0
2021-10-22 15:52:37 INFO StoreScheduledThread1 - begin to delete before 120 hours file. timeup: false spacefull: true manualDeleteFileSeveralTimes: 0 cleanAtOnce: false
2021-10-22 15:52:37 WARN StoreScheduledThread1 - disk space will be full soon, but delete file failed.
2021-10-22 15:52:47 INFO StoreScheduledThread1 - physic disk maybe full soon, so reclaim space, -1.0
2021-10-22 15:52:47 INFO StoreScheduledThread1 - begin to delete before 120 hours file. timeup: false spacefull: true manualDeleteFileSeveralTimes: 0 cleanAtOnce: false
2021-10-22 15:52:47 WARN StoreScheduledThread1 - disk space will be full soon, but delete file failed.
2021-10-22 15:52:57 INFO StoreScheduledThread1 - physic disk maybe full soon, so reclaim space, -1.0
2021-10-22 15:52:57 INFO StoreScheduledThread1 - begin to delete before 120 hours file. timeup: false spacefull: true manualDeleteFileSeveralTimes: 0 cleanAtOnce: false
2021-10-22 15:52:57 WARN StoreScheduledThread1 - disk space will be full soon, but delete file failed.
2021-10-22 15:53:07 INFO StoreScheduledThread1 - physic disk maybe full soon, so reclaim space, -1.0
2021-10-22 15:53:07 INFO StoreScheduledThread1 - begin to delete before 120 hours file. timeup: false spacefull: true manualDeleteFileSeveralTimes: 0 cleanAtOnce: false
2021-10-22 15:53:07 WARN StoreScheduledThread1 - disk space will be full soon, but delete file failed.
2021-10-22 15:53:17 INFO StoreScheduledThread1 - physic disk maybe full soon, so reclaim space, -1.0
2021-10-22 15:53:17 INFO StoreScheduledThread1 - begin to delete before 120 hours file. timeup: false spacefull: true manualDeleteFileSeveralTimes: 0 cleanAtOnce: false
2021-10-22 15:53:17 WARN StoreScheduledThread1 - disk space will be full soon, but delete file failed.
2021-10-22 15:53:18 INFO StoreStatsService - [STORETPS] put_tps 0.0 get_found_tps 0.0 get_miss_tps 0.03331057110974168 get_transfered_tps 0.0
2021-10-22 15:53:18 INFO StoreStatsService - [PAGECACHERT] TotalPut 0, PutMessageDistributeTime [<=0ms]:0 [0~10ms]:0 [10~50ms]:0 [50~100ms]:0 [100~200ms]:0 [200~500ms]:0 [500ms~1s]:0 [1~2s]:0 [2~3s]:0 [3~4s]:0 [4~5s]:0 [5~10s]:0 [10s~]:0 
2021-10-22 15:53:27 INFO StoreScheduledThread1 - physic disk maybe full soon, so reclaim space, -1.0
2021-10-22 15:53:27 INFO StoreScheduledThread1 - begin to delete before 120 hours file. timeup: false spacefull: true manualDeleteFileSeveralTimes: 0 cleanAtOnce: false
2021-10-22 15:53:27 WARN StoreScheduledThread1 - disk space will be full soon, but delete file failed.
2021-10-22 15:53:37 INFO StoreScheduledThread1 - physic disk maybe full soon, so reclaim space, -1.0
2021-10-22 15:53:37 INFO StoreScheduledThread1 - begin to delete before 120 hours file. timeup: false spacefull: true manualDeleteFileSeveralTimes: 0 cleanAtOnce: false
2021-10-22 15:53:37 WARN StoreScheduledThread1 - disk space will be full soon, but delete file failed.
2021-10-22 15:53:47 INFO StoreScheduledThread1 - physic disk maybe full soon, so reclaim space, -1.0
2021-10-22 15:53:47 INFO StoreScheduledThread1 - begin to delete before 120 hours file. timeup: false spacefull: true manualDeleteFileSeveralTimes: 0 cleanAtOnce: false
2021-10-22 15:53:47 WARN StoreScheduledThread1 - disk space will be full soon, but delete file failed.
2021-10-22 15:53:57 INFO StoreScheduledThread1 - physic disk maybe full soon, so reclaim space, -1.0
2021-10-22 15:53:57 INFO StoreScheduledThread1 - begin to delete before 120 hours file. timeup: false spacefull: true manualDeleteFileSeveralTimes: 0 cleanAtOnce: false
2021-10-22 15:53:57 WARN StoreScheduledThread1 - disk space will be full soon, but delete file failed.
2021-10-22 15:54:07 INFO StoreScheduledThread1 - physic disk maybe full soon, so reclaim space, -1.0
2021-10-22 15:54:07 INFO StoreScheduledThread1 - begin to delete before 120 hours file. timeup: false spacefull: true manualDeleteFileSeveralTimes: 0 cleanAtOnce: false
2021-10-22 15:54:07 WARN StoreScheduledThread1 - disk space will be full soon, but delete file failed.
2021-10-22 15:54:17 INFO StoreScheduledThread1 - physic disk maybe full soon, so reclaim space, -1.0
2021-10-22 15:54:17 INFO StoreScheduledThread1 - begin to delete before 120 hours file. timeup: false spacefull: true manualDeleteFileSeveralTimes: 0 cleanAtOnce: false
2021-10-22 15:54:17 WARN StoreScheduledThread1 - disk space will be full soon, but delete file failed.
2021-10-22 15:54:18 INFO StoreStatsService - [STORETPS] put_tps 0.0 get_found_tps 0.0 get_miss_tps 0.033311125916055964 get_transfered_tps 0.0
2021-10-22 15:54:18 INFO StoreStatsService - [PAGECACHERT] TotalPut 0, PutMessageDistributeTime [<=0ms]:0 [0~10ms]:0 [10~50ms]:0 [50~100ms]:0 [100~200ms]:0 [200~500ms]:0 [500ms~1s]:0 [1~2s]:0 [2~3s]:0 [3~4s]:0 [4~5s]:0 [5~10s]:0 [10s~]:0 
2021-10-22 15:54:27 INFO StoreScheduledThread1 - physic disk maybe full soon, so reclaim space, -1.0
2021-10-22 15:54:27 INFO StoreScheduledThread1 - begin to delete before 120 hours file. timeup: false spacefull: true manualDeleteFileSeveralTimes: 0 cleanAtOnce: false
2021-10-22 15:54:27 WARN StoreScheduledThread1 - disk space will be full soon, but delete file failed.
2021-10-22 15:54:37 INFO StoreScheduledThread1 - physic disk maybe full soon, so reclaim space, -1.0
2021-10-22 15:54:37 INFO StoreScheduledThread1 - begin to delete before 120 hours file. timeup: false spacefull: true manualDeleteFileSeveralTimes: 0 cleanAtOnce: false
2021-10-22 15:54:37 WARN StoreScheduledThread1 - disk space will be full soon, but delete file failed.
2021-10-22 15:54:47 INFO StoreScheduledThread1 - physic disk maybe full soon, so reclaim space, -1.0
2021-10-22 15:54:47 INFO StoreScheduledThread1 - begin to delete before 120 hours file. timeup: false spacefull: true manualDeleteFileSeveralTimes: 0 cleanAtOnce: false
2021-10-22 15:54:47 WARN StoreScheduledThread1 - disk space will be full soon, but delete file failed.
2021-10-22 15:54:57 INFO StoreScheduledThread1 - physic disk maybe full soon, so reclaim space, -1.0
2021-10-22 15:54:57 INFO StoreScheduledThread1 - begin to delete before 120 hours file. timeup: false spacefull: true manualDeleteFileSeveralTimes: 0 cleanAtOnce: false
2021-10-22 15:54:57 WARN StoreScheduledThread1 - disk space will be full soon, but delete file failed.
2021-10-22 15:55:07 INFO StoreScheduledThread1 - physic disk maybe full soon, so reclaim space, -1.0
2021-10-22 15:55:07 INFO StoreScheduledThread1 - begin to delete before 120 hours file. timeup: false spacefull: true manualDeleteFileSeveralTimes: 0 cleanAtOnce: false
2021-10-22 15:55:07 WARN StoreScheduledThread1 - disk space will be full soon, but delete file failed.
2021-10-22 15:55:17 INFO StoreScheduledThread1 - physic disk maybe full soon, so reclaim space, -1.0
2021-10-22 15:55:17 INFO StoreScheduledThread1 - begin to delete before 120 hours file. timeup: false spacefull: true manualDeleteFileSeveralTimes: 0 cleanAtOnce: false
2021-10-22 15:55:17 WARN StoreScheduledThread1 - disk space will be full soon, but delete file failed.
2021-10-22 15:55:18 INFO StoreStatsService - [STORETPS] put_tps 0.0 get_found_tps 0.0 get_miss_tps 0.03330890680167877 get_transfered_tps 0.0
2021-10-22 15:55:18 INFO StoreStatsService - [PAGECACHERT] TotalPut 0, PutMessageDistributeTime [<=0ms]:0 [0~10ms]:0 [10~50ms]:0 [50~100ms]:0 [100~200ms]:0 [200~500ms]:0 [500ms~1s]:0 [1~2s]:0 [2~3s]:0 [3~4s]:0 [4~5s]:0 [5~10s]:0 [10s~]:0 
2021-10-22 15:55:27 INFO StoreScheduledThread1 - physic disk maybe full soon, so reclaim space, -1.0
2021-10-22 15:55:27 INFO StoreScheduledThread1 - begin to delete before 120 hours file. timeup: false spacefull: true manualDeleteFileSeveralTimes: 0 cleanAtOnce: false
2021-10-22 15:55:27 WARN StoreScheduledThread1 - disk space will be full soon, but delete file failed.
2021-10-22 15:55:37 INFO StoreScheduledThread1 - physic disk maybe full soon, so reclaim space, -1.0
2021-10-22 15:55:37 INFO StoreScheduledThread1 - begin to delete before 120 hours file. timeup: false spacefull: true manualDeleteFileSeveralTimes: 0 cleanAtOnce: false
2021-10-22 15:55:37 WARN StoreScheduledThread1 - disk space will be full soon, but delete file failed.
2021-10-22 15:55:47 INFO StoreScheduledThread1 - physic disk maybe full soon, so reclaim space, -1.0
2021-10-22 15:55:47 INFO StoreScheduledThread1 - begin to delete before 120 hours file. timeup: false spacefull: true manualDeleteFileSeveralTimes: 0 cleanAtOnce: false
2021-10-22 15:55:47 WARN StoreScheduledThread1 - disk space will be full soon, but delete file failed.
2021-10-22 15:55:57 INFO StoreScheduledThread1 - physic disk maybe full soon, so reclaim space, -1.0
2021-10-22 15:55:57 INFO StoreScheduledThread1 - begin to delete before 120 hours file. timeup: false spacefull: true manualDeleteFileSeveralTimes: 0 cleanAtOnce: false
2021-10-22 15:55:57 WARN StoreScheduledThread1 - disk space will be full soon, but delete file failed.
2021-10-22 15:56:07 INFO StoreScheduledThread1 - physic disk maybe full soon, so reclaim space, -1.0
2021-10-22 15:56:07 INFO StoreScheduledThread1 - begin to delete before 120 hours file. timeup: false spacefull: true manualDeleteFileSeveralTimes: 0 cleanAtOnce: false
2021-10-22 15:56:07 WARN StoreScheduledThread1 - disk space will be full soon, but delete file failed.
2021-10-22 15:56:17 INFO StoreScheduledThread1 - physic disk maybe full soon, so reclaim space, -1.0
2021-10-22 15:56:17 INFO StoreScheduledThread1 - begin to delete before 120 hours file. timeup: false spacefull: true manualDeleteFileSeveralTimes: 0 cleanAtOnce: false
2021-10-22 15:56:17 WARN StoreScheduledThread1 - disk space will be full soon, but delete file failed.
2021-10-22 15:56:18 INFO StoreStatsService - [STORETPS] put_tps 0.0 get_found_tps 0.0 get_miss_tps 0.03331223558413005 get_transfered_tps 0.0
2021-10-22 15:56:18 INFO StoreStatsService - [PAGECACHERT] TotalPut 0, PutMessageDistributeTime [<=0ms]:0 [0~10ms]:0 [10~50ms]:0 [50~100ms]:0 [100~200ms]:0 [200~500ms]:0 [500ms~1s]:0 [1~2s]:0 [2~3s]:0 [3~4s]:0 [4~5s]:0 [5~10s]:0 [10s~]:0 
2021-10-22 15:56:27 INFO StoreScheduledThread1 - physic disk maybe full soon, so reclaim space, -1.0
2021-10-22 15:56:27 INFO StoreScheduledThread1 - begin to delete before 120 hours file. timeup: false spacefull: true manualDeleteFileSeveralTimes: 0 cleanAtOnce: false
2021-10-22 15:56:27 WARN StoreScheduledThread1 - disk space will be full soon, but delete file failed.
2021-10-22 15:56:37 INFO StoreScheduledThread1 - physic disk maybe full soon, so reclaim space, -1.0
2021-10-22 15:56:37 INFO StoreScheduledThread1 - begin to delete before 120 hours file. timeup: false spacefull: true manualDeleteFileSeveralTimes: 0 cleanAtOnce: false
2021-10-22 15:56:37 WARN StoreScheduledThread1 - disk space will be full soon, but delete file failed.
2021-10-22 15:56:47 INFO StoreScheduledThread1 - physic disk maybe full soon, so reclaim space, -1.0
2021-10-22 15:56:47 INFO StoreScheduledThread1 - begin to delete before 120 hours file. timeup: false spacefull: true manualDeleteFileSeveralTimes: 0 cleanAtOnce: false
2021-10-22 15:56:47 WARN StoreScheduledThread1 - disk space will be full soon, but delete file failed.
2021-10-22 15:56:57 INFO StoreScheduledThread1 - physic disk maybe full soon, so reclaim space, -1.0
2021-10-22 15:56:57 INFO StoreScheduledThread1 - begin to delete before 120 hours file. timeup: false spacefull: true manualDeleteFileSeveralTimes: 0 cleanAtOnce: false
2021-10-22 15:56:57 WARN StoreScheduledThread1 - disk space will be full soon, but delete file failed.
2021-10-22 15:57:07 INFO StoreScheduledThread1 - physic disk maybe full soon, so reclaim space, -1.0
2021-10-22 15:57:07 INFO StoreScheduledThread1 - begin to delete before 120 hours file. timeup: false spacefull: true manualDeleteFileSeveralTimes: 0 cleanAtOnce: false
2021-10-22 15:57:07 WARN StoreScheduledThread1 - disk space will be full soon, but delete file failed.
2021-10-22 15:57:17 INFO StoreScheduledThread1 - physic disk maybe full soon, so reclaim space, -1.0
2021-10-22 15:57:17 INFO StoreScheduledThread1 - begin to delete before 120 hours file. timeup: false spacefull: true manualDeleteFileSeveralTimes: 0 cleanAtOnce: false
2021-10-22 15:57:17 WARN StoreScheduledThread1 - disk space will be full soon, but delete file failed.
2021-10-22 15:57:18 INFO StoreStatsService - [STORETPS] put_tps 0.0 get_found_tps 0.0 get_miss_tps 0.033310016321908 get_transfered_tps 0.0
2021-10-22 15:57:18 INFO StoreStatsService - [PAGECACHERT] TotalPut 0, PutMessageDistributeTime [<=0ms]:0 [0~10ms]:0 [10~50ms]:0 [50~100ms]:0 [100~200ms]:0 [200~500ms]:0 [500ms~1s]:0 [1~2s]:0 [2~3s]:0 [3~4s]:0 [4~5s]:0 [5~10s]:0 [10s~]:0 
2021-10-22 15:57:27 INFO StoreScheduledThread1 - physic disk maybe full soon, so reclaim space, -1.0
2021-10-22 15:57:27 INFO StoreScheduledThread1 - begin to delete before 120 hours file. timeup: false spacefull: true manualDeleteFileSeveralTimes: 0 cleanAtOnce: false
2021-10-22 15:57:27 WARN StoreScheduledThread1 - disk space will be full soon, but delete file failed.
2021-10-22 15:57:37 INFO StoreScheduledThread1 - physic disk maybe full soon, so reclaim space, -1.0
2021-10-22 15:57:37 INFO StoreScheduledThread1 - begin to delete before 120 hours file. timeup: false spacefull: true manualDeleteFileSeveralTimes: 0 cleanAtOnce: false
2021-10-22 15:57:37 WARN StoreScheduledThread1 - disk space will be full soon, but delete file failed.
2021-10-22 15:57:47 INFO StoreScheduledThread1 - physic disk maybe full soon, so reclaim space, -1.0
2021-10-22 15:57:47 INFO StoreScheduledThread1 - begin to delete before 120 hours file. timeup: false spacefull: true manualDeleteFileSeveralTimes: 0 cleanAtOnce: false
2021-10-22 15:57:47 WARN StoreScheduledThread1 - disk space will be full soon, but delete file failed.
2021-10-22 15:57:57 INFO StoreScheduledThread1 - physic disk maybe full soon, so reclaim space, -1.0
2021-10-22 15:57:57 INFO StoreScheduledThread1 - begin to delete before 120 hours file. timeup: false spacefull: true manualDeleteFileSeveralTimes: 0 cleanAtOnce: false
2021-10-22 15:57:57 WARN StoreScheduledThread1 - disk space will be full soon, but delete file failed.
2021-10-22 15:58:07 INFO StoreScheduledThread1 - physic disk maybe full soon, so reclaim space, -1.0
2021-10-22 15:58:07 INFO StoreScheduledThread1 - begin to delete before 120 hours file. timeup: false spacefull: true manualDeleteFileSeveralTimes: 0 cleanAtOnce: false
2021-10-22 15:58:07 WARN StoreScheduledThread1 - disk space will be full soon, but delete file failed.
2021-10-22 15:58:17 INFO StoreScheduledThread1 - physic disk maybe full soon, so reclaim space, -1.0
2021-10-22 15:58:17 INFO StoreScheduledThread1 - begin to delete before 120 hours file. timeup: false spacefull: true manualDeleteFileSeveralTimes: 0 cleanAtOnce: false
2021-10-22 15:58:17 WARN StoreScheduledThread1 - disk space will be full soon, but delete file failed.
2021-10-22 15:58:18 INFO StoreStatsService - [STORETPS] put_tps 0.0 get_found_tps 0.0 get_miss_tps 0.033310016321908 get_transfered_tps 0.0
2021-10-22 15:58:18 INFO StoreStatsService - [PAGECACHERT] TotalPut 0, PutMessageDistributeTime [<=0ms]:0 [0~10ms]:0 [10~50ms]:0 [50~100ms]:0 [100~200ms]:0 [200~500ms]:0 [500ms~1s]:0 [1~2s]:0 [2~3s]:0 [3~4s]:0 [4~5s]:0 [5~10s]:0 [10s~]:0 
2021-10-22 15:58:27 INFO StoreScheduledThread1 - physic disk maybe full soon, so reclaim space, -1.0
2021-10-22 15:58:27 INFO StoreScheduledThread1 - begin to delete before 120 hours file. timeup: false spacefull: true manualDeleteFileSeveralTimes: 0 cleanAtOnce: false
2021-10-22 15:58:27 WARN StoreScheduledThread1 - disk space will be full soon, but delete file failed.
2021-10-22 15:58:37 INFO StoreScheduledThread1 - physic disk maybe full soon, so reclaim space, -1.0
2021-10-22 15:58:37 INFO StoreScheduledThread1 - begin to delete before 120 hours file. timeup: false spacefull: true manualDeleteFileSeveralTimes: 0 cleanAtOnce: false
2021-10-22 15:58:37 WARN StoreScheduledThread1 - disk space will be full soon, but delete file failed.
2021-10-22 15:58:47 INFO StoreScheduledThread1 - physic disk maybe full soon, so reclaim space, -1.0
2021-10-22 15:58:47 INFO StoreScheduledThread1 - begin to delete before 120 hours file. timeup: false spacefull: true manualDeleteFileSeveralTimes: 0 cleanAtOnce: false
2021-10-22 15:58:47 WARN StoreScheduledThread1 - disk space will be full soon, but delete file failed.
2021-10-22 15:58:57 INFO StoreScheduledThread1 - physic disk maybe full soon, so reclaim space, -1.0
2021-10-22 15:58:57 INFO StoreScheduledThread1 - begin to delete before 120 hours file. timeup: false spacefull: true manualDeleteFileSeveralTimes: 0 cleanAtOnce: false
2021-10-22 15:58:57 WARN StoreScheduledThread1 - disk space will be full soon, but delete file failed.
2021-10-22 15:59:07 INFO StoreScheduledThread1 - physic disk maybe full soon, so reclaim space, -1.0
2021-10-22 15:59:07 INFO StoreScheduledThread1 - begin to delete before 120 hours file. timeup: false spacefull: true manualDeleteFileSeveralTimes: 0 cleanAtOnce: false
2021-10-22 15:59:07 WARN StoreScheduledThread1 - disk space will be full soon, but delete file failed.
2021-10-22 15:59:17 INFO StoreScheduledThread1 - physic disk maybe full soon, so reclaim space, -1.0
2021-10-22 15:59:17 INFO StoreScheduledThread1 - begin to delete before 120 hours file. timeup: false spacefull: true manualDeleteFileSeveralTimes: 0 cleanAtOnce: false
2021-10-22 15:59:17 WARN StoreScheduledThread1 - disk space will be full soon, but delete file failed.
2021-10-22 15:59:18 INFO StoreStatsService - [STORETPS] put_tps 0.0 get_found_tps 0.0 get_miss_tps 0.03330946155255401 get_transfered_tps 0.0
2021-10-22 15:59:18 INFO StoreStatsService - [PAGECACHERT] TotalPut 0, PutMessageDistributeTime [<=0ms]:0 [0~10ms]:0 [10~50ms]:0 [50~100ms]:0 [100~200ms]:0 [200~500ms]:0 [500ms~1s]:0 [1~2s]:0 [2~3s]:0 [3~4s]:0 [4~5s]:0 [5~10s]:0 [10s~]:0 
2021-10-22 15:59:27 INFO StoreScheduledThread1 - physic disk maybe full soon, so reclaim space, -1.0
2021-10-22 15:59:27 INFO StoreScheduledThread1 - begin to delete before 120 hours file. timeup: false spacefull: true manualDeleteFileSeveralTimes: 0 cleanAtOnce: false
2021-10-22 15:59:27 WARN StoreScheduledThread1 - disk space will be full soon, but delete file failed.
2021-10-22 15:59:37 INFO StoreScheduledThread1 - physic disk maybe full soon, so reclaim space, -1.0
2021-10-22 15:59:37 INFO StoreScheduledThread1 - begin to delete before 120 hours file. timeup: false spacefull: true manualDeleteFileSeveralTimes: 0 cleanAtOnce: false
2021-10-22 15:59:37 WARN StoreScheduledThread1 - disk space will be full soon, but delete file failed.
2021-10-22 15:59:47 INFO StoreScheduledThread1 - physic disk maybe full soon, so reclaim space, -1.0
2021-10-22 15:59:47 INFO StoreScheduledThread1 - begin to delete before 120 hours file. timeup: false spacefull: true manualDeleteFileSeveralTimes: 0 cleanAtOnce: false
2021-10-22 15:59:47 WARN StoreScheduledThread1 - disk space will be full soon, but delete file failed.
2021-10-22 15:59:57 INFO StoreScheduledThread1 - physic disk maybe full soon, so reclaim space, -1.0
2021-10-22 15:59:57 INFO StoreScheduledThread1 - begin to delete before 120 hours file. timeup: false spacefull: true manualDeleteFileSeveralTimes: 0 cleanAtOnce: false
2021-10-22 15:59:57 WARN StoreScheduledThread1 - disk space will be full soon, but delete file failed.
2021-10-22 16:00:07 INFO StoreScheduledThread1 - physic disk maybe full soon, so reclaim space, -1.0
2021-10-22 16:00:07 INFO StoreScheduledThread1 - begin to delete before 120 hours file. timeup: false spacefull: true manualDeleteFileSeveralTimes: 0 cleanAtOnce: false
2021-10-22 16:00:07 WARN StoreScheduledThread1 - disk space will be full soon, but delete file failed.
2021-10-22 16:00:17 INFO StoreScheduledThread1 - physic disk maybe full soon, so reclaim space, -1.0
2021-10-22 16:00:17 INFO StoreScheduledThread1 - begin to delete before 120 hours file. timeup: false spacefull: true manualDeleteFileSeveralTimes: 0 cleanAtOnce: false
2021-10-22 16:00:17 WARN StoreScheduledThread1 - disk space will be full soon, but delete file failed.
2021-10-22 16:00:18 INFO StoreStatsService - [STORETPS] put_tps 0.0 get_found_tps 0.0 get_miss_tps 0.033310016321908 get_transfered_tps 0.0
2021-10-22 16:00:18 INFO StoreStatsService - [PAGECACHERT] TotalPut 0, PutMessageDistributeTime [<=0ms]:0 [0~10ms]:0 [10~50ms]:0 [50~100ms]:0 [100~200ms]:0 [200~500ms]:0 [500ms~1s]:0 [1~2s]:0 [2~3s]:0 [3~4s]:0 [4~5s]:0 [5~10s]:0 [10s~]:0 
2021-10-22 16:00:27 INFO StoreScheduledThread1 - physic disk maybe full soon, so reclaim space, -1.0
2021-10-22 16:00:27 INFO StoreScheduledThread1 - begin to delete before 120 hours file. timeup: false spacefull: true manualDeleteFileSeveralTimes: 0 cleanAtOnce: false
2021-10-22 16:00:27 WARN StoreScheduledThread1 - disk space will be full soon, but delete file failed.
2021-10-22 16:00:37 INFO StoreScheduledThread1 - physic disk maybe full soon, so reclaim space, -1.0
2021-10-22 16:00:37 INFO StoreScheduledThread1 - begin to delete before 120 hours file. timeup: false spacefull: true manualDeleteFileSeveralTimes: 0 cleanAtOnce: false
2021-10-22 16:00:37 WARN StoreScheduledThread1 - disk space will be full soon, but delete file failed.
2021-10-22 16:00:47 INFO StoreScheduledThread1 - physic disk maybe full soon, so reclaim space, -1.0
2021-10-22 16:00:47 INFO StoreScheduledThread1 - begin to delete before 120 hours file. timeup: false spacefull: true manualDeleteFileSeveralTimes: 0 cleanAtOnce: false
2021-10-22 16:00:47 WARN StoreScheduledThread1 - disk space will be full soon, but delete file failed.
2021-10-22 16:00:57 INFO StoreScheduledThread1 - physic disk maybe full soon, so reclaim space, -1.0
2021-10-22 16:00:57 INFO StoreScheduledThread1 - begin to delete before 120 hours file. timeup: false spacefull: true manualDeleteFileSeveralTimes: 0 cleanAtOnce: false
2021-10-22 16:00:57 WARN StoreScheduledThread1 - disk space will be full soon, but delete file failed.
2021-10-22 16:01:07 INFO StoreScheduledThread1 - physic disk maybe full soon, so reclaim space, -1.0
2021-10-22 16:01:07 INFO StoreScheduledThread1 - begin to delete before 120 hours file. timeup: false spacefull: true manualDeleteFileSeveralTimes: 0 cleanAtOnce: false
2021-10-22 16:01:07 WARN StoreScheduledThread1 - disk space will be full soon, but delete file failed.
2021-10-22 16:01:17 INFO StoreScheduledThread1 - physic disk maybe full soon, so reclaim space, -1.0
2021-10-22 16:01:17 INFO StoreScheduledThread1 - begin to delete before 120 hours file. timeup: false spacefull: true manualDeleteFileSeveralTimes: 0 cleanAtOnce: false
2021-10-22 16:01:17 WARN StoreScheduledThread1 - disk space will be full soon, but delete file failed.
2021-10-22 16:01:18 INFO StoreStatsService - [STORETPS] put_tps 0.0 get_found_tps 0.0 get_miss_tps 0.03330946155255401 get_transfered_tps 0.0
2021-10-22 16:01:18 INFO StoreStatsService - [PAGECACHERT] TotalPut 0, PutMessageDistributeTime [<=0ms]:0 [0~10ms]:0 [10~50ms]:0 [50~100ms]:0 [100~200ms]:0 [200~500ms]:0 [500ms~1s]:0 [1~2s]:0 [2~3s]:0 [3~4s]:0 [4~5s]:0 [5~10s]:0 [10s~]:0 
